<?xml version="1.0" encoding="UTF-8"?>
<!-- Generated by org.testng.reporters.JUnitReportReporter -->
<testsuite hostname="LAPTOP-PFC5DLKF" failures="0" tests="1" name="SelenimFramework1.tests.StandAloneTest_Editable" time="21.548" errors="0" timestamp="2024-06-09T18:01:49 IST" skipped="0">
  <testcase classname="SelenimFramework1.tests.StandAloneTest_Editable" name="submitOrder" time="21.548"/>
</testsuite> <!-- SelenimFramework1.tests.StandAloneTest_Editable -->
