<?xml version="1.0" encoding="UTF-8"?>
<!-- Generated by org.testng.reporters.JUnitReportReporter -->
<testsuite hostname="LAPTOP-PFC5DLKF" failures="0" tests="1" name="cucumberOptions.TestNGTestRunner" time="5.864" errors="0" timestamp="2024-06-15T17:30:52 IST" skipped="0">
  <testcase classname="cucumberOptions.TestNGTestRunner" name="runScenario" time="5.864"/>
</testsuite> <!-- cucumberOptions.TestNGTestRunner -->
