<?xml version="1.0" encoding="UTF-8"?>
<!-- Generated by org.testng.reporters.JUnitReportReporter -->
<testsuite hostname="LAPTOP-PFC5DLKF" failures="0" tests="1" name="OOPs2" time="0.014" errors="0" timestamp="2024-06-17T17:27:03 IST" skipped="0">
  <testcase classname="OOPs2" name="testRun" time="0.014"/>
</testsuite> <!-- OOPs2 -->
