<?xml version="1.0" encoding="UTF-8"?>
<!-- Generated by org.testng.reporters.JUnitReportReporter -->
<testsuite hostname="LAPTOP-PFC5DLKF" failures="0" tests="2" name="abhijitpanigrahi.ExtentReports.ExtentReportDemo" time="4.074" errors="0" timestamp="2024-06-13T21:53:53 IST" skipped="0">
  <testcase classname="abhijitpanigrahi.ExtentReports.ExtentReportDemo" name="initialDemo" time="2.625"/>
  <system-out/>
  <testcase classname="abhijitpanigrahi.ExtentReports.ExtentReportDemo" name="initialDemo2" time="1.449"/>
  <system-out/>
</testsuite> <!-- abhijitpanigrahi.ExtentReports.ExtentReportDemo -->
