<?xml version="1.0" encoding="UTF-8"?>
<!-- Generated by org.testng.reporters.JUnitReportReporter -->
<testsuite hostname="LAPTOP-PFC5DLKF" failures="0" tests="1" name="test.Day1" time="0.003" errors="0" timestamp="2024-06-17T15:58:12 IST" skipped="0">
  <testcase classname="test.Day1" name="TestNGDemo1" time="0.003"/>
  <system-out/>
</testsuite> <!-- test.Day1 -->
