<?xml version="1.0" encoding="UTF-8"?>
<!-- Generated by org.testng.reporters.JUnitReportReporter -->
<testsuite hostname="LAPTOP-PFC5DLKF" failures="0" tests="6" name="test.Day3" time="0.006" errors="0" timestamp="2024-06-17T15:58:12 IST" skipped="0">
  <testcase classname="test.Day3" name="WebLoginCarLoan" time="0.001"/>
  <system-out/>
  <testcase classname="test.Day3" name="APILoginCarLoan" time="0.001"/>
  <system-out/>
  <testcase classname="test.Day3" name="Regular2" time="0.001"/>
  <system-out/>
  <testcase classname="test.Day3" name="Regular3" time="0.001"/>
  <system-out/>
  <testcase classname="test.Day3" name="Regular1" time="0.001"/>
  <system-out/>
  <testcase classname="test.Day3" name="MobileLoginCarLoan" time="0.001"/>
  <system-out/>
</testsuite> <!-- test.Day3 -->
