<?xml version="1.0" encoding="UTF-8"?>
<!-- Generated by org.testng.reporters.JUnitReportReporter -->
<testsuite hostname="LAPTOP-PFC5DLKF" failures="0" tests="4" name="test.Day4" time="0.004" errors="0" timestamp="2024-06-17T15:58:12 IST" skipped="0">
  <testcase classname="test.Day4" name="APILogoutHomeLoan" time="0.001"/>
  <system-out/>
  <testcase classname="test.Day4" name="MobileLoginHomeLoan" time="0.001"/>
  <system-out/>
  <testcase classname="test.Day4" name="APILoginHomeLoan" time="0.001"/>
  <system-out/>
  <testcase classname="test.Day4" name="WebLoginHomeLoan" time="0.001"/>
  <system-out/>
</testsuite> <!-- test.Day4 -->
