<?xml version="1.0" encoding="UTF-8"?>
<!-- Generated by org.testng.reporters.JUnitReportReporter -->
<testsuite hostname="LAPTOP-PFC5DLKF" failures="0" tests="3" name="test.Day6" time="0.001" errors="0" timestamp="2024-06-17T15:58:12 IST" skipped="0">
  <testcase classname="test.Day6" name="SecondMethod" time="0.001"/>
  <system-out/>
  <testcase classname="test.Day6" name="FourthMethod" time="0.000"/>
  <system-out/>
  <testcase classname="test.Day6" name="ThirdMethod2" time="0.000"/>
  <system-out/>
</testsuite> <!-- test.Day6 -->
