<?xml version="1.0" encoding="UTF-8"?>
<!-- Generated by org.testng.reporters.JUnitReportReporter -->
<testsuite hostname="LAPTOP-PFC5DLKF" failures="0" tests="2" name="test.Day5" time="0.002" errors="0" timestamp="2024-06-17T15:58:12 IST" skipped="0">
  <testcase classname="test.Day5" name="FirstMethod" time="0.001"/>
  <system-out/>
  <testcase classname="test.Day5" name="SecondMethod" time="0.001"/>
  <system-out/>
</testsuite> <!-- test.Day5 -->
